[    0.000000] Linux version 4.15.0-109-generic (buildd@lgw01-amd64-010) (gcc version 7.5.0 (Ubuntu 7.5.0-3ubuntu1~18.04)) #110-Ubuntu SMP Tue Jun 23 02:39:32 UTC 2020 (Ubuntu 4.15.0-109.110-generic 4.15.18)
[    0.000000] Command line: BOOT_IMAGE=/boot/vmlinuz-4.15.0-109-generic root=LABEL=cloudimg-rootfs ro console=tty1 console=ttyS0
[    0.000000] KERNEL supported cpus:
[    0.000000]   Intel GenuineIntel
[    0.000000]   AMD AuthenticAMD
[    0.000000]   Centaur CentaurHauls
[    0.000000] x86/fpu: Supporting XSAVE feature 0x001: 'x87 floating point registers'
[    0.000000] x86/fpu: Supporting XSAVE feature 0x002: 'SSE registers'
[    0.000000] x86/fpu: Supporting XSAVE feature 0x004: 'AVX registers'
[    0.000000] x86/fpu: xstate_offset[2]:  576, xstate_sizes[2]:  256
[    0.000000] x86/fpu: Enabled xstate features 0x7, context size is 832 bytes, using 'standard' format.
[    0.000000] e820: BIOS-provided physical RAM map:
[    0.000000] BIOS-e820: [mem 0x0000000000000000-0x000000000009fbff] usable
[    0.000000] BIOS-e820: [mem 0x000000000009fc00-0x000000000009ffff] reserved
[    0.000000] BIOS-e820: [mem 0x00000000000f0000-0x00000000000fffff] reserved
[    0.000000] BIOS-e820: [mem 0x0000000000100000-0x000000003ffeffff] usable
[    0.000000] BIOS-e820: [mem 0x000000003fff0000-0x000000003fffffff] ACPI data
[    0.000000] BIOS-e820: [mem 0x00000000fec00000-0x00000000fec00fff] reserved
[    0.000000] BIOS-e820: [mem 0x00000000fee00000-0x00000000fee00fff] reserved
[    0.000000] BIOS-e820: [mem 0x00000000fffc0000-0x00000000ffffffff] reserved
[    0.000000] NX (Execute Disable) protection: active
[    0.000000] SMBIOS 2.5 present.
[    0.000000] DMI: innotek GmbH VirtualBox/VirtualBox, BIOS VirtualBox 12/01/2006
[    0.000000] Hypervisor detected: KVM
[    0.000000] e820: last_pfn = 0x3fff0 max_arch_pfn = 0x400000000
[    0.000000] MTRR: Disabled
[    0.000000] x86/PAT: MTRRs disabled, skipping PAT initialization too.
[    0.000000] CPU MTRRs all blank - virtualized system.
[    0.000000] x86/PAT: Configuration [0-7]: WB  WT  UC- UC  WB  WT  UC- UC  
[    0.000000] found SMP MP-table at [mem 0x0009fff0-0x0009ffff]
[    0.000000] Scanning 1 areas for low memory corruption
[    0.000000] RAMDISK: [mem 0x35a69000-0x36d2bfff]
[    0.000000] ACPI: Early table checksum verification disabled
[    0.000000] ACPI: RSDP 0x00000000000E0000 000024 (v02 VBOX  )
[    0.000000] ACPI: XSDT 0x000000003FFF0030 00003C (v01 VBOX   VBOXXSDT 00000001 ASL  00000061)
[    0.000000] ACPI: FACP 0x000000003FFF00F0 0000F4 (v04 VBOX   VBOXFACP 00000001 ASL  00000061)
[    0.000000] ACPI: DSDT 0x000000003FFF0470 002325 (v02 VBOX   VBOXBIOS 00000002 INTL 20100528)
[    0.000000] ACPI: FACS 0x000000003FFF0200 000040
[    0.000000] ACPI: FACS 0x000000003FFF0200 000040
[    0.000000] ACPI: APIC 0x000000003FFF0240 00005C (v02 VBOX   VBOXAPIC 00000001 ASL  00000061)
[    0.000000] ACPI: SSDT 0x000000003FFF02A0 0001CC (v01 VBOX   VBOXCPUT 00000002 INTL 20100528)
[    0.000000] No NUMA configuration found
[    0.000000] Faking a node at [mem 0x0000000000000000-0x000000003ffeffff]
[    0.000000] NODE_DATA(0) allocated [mem 0x3ffc5000-0x3ffeffff]
[    0.000000] kvm-clock: cpu 0, msr 0:3ff44001, primary cpu clock
[    0.000000] kvm-clock: Using msrs 4b564d01 and 4b564d00
[    0.000000] kvm-clock: using sched offset of 3651854058 cycles
[    0.000000] clocksource: kvm-clock: mask: 0xffffffffffffffff max_cycles: 0x1cd42e4dffb, max_idle_ns: 881590591483 ns
[    0.000000] Zone ranges:
[    0.000000]   DMA      [mem 0x0000000000001000-0x0000000000ffffff]
[    0.000000]   DMA32    [mem 0x0000000001000000-0x000000003ffeffff]
[    0.000000]   Normal   empty
[    0.000000]   Device   empty
[    0.000000] Movable zone start for each node
[    0.000000] Early memory node ranges
[    0.000000]   node   0: [mem 0x0000000000001000-0x000000000009efff]
[    0.000000]   node   0: [mem 0x0000000000100000-0x000000003ffeffff]
[    0.000000] Reserved but unavailable: 98 pages
[    0.000000] Initmem setup node 0 [mem 0x0000000000001000-0x000000003ffeffff]
[    0.000000] ACPI: PM-Timer IO Port: 0x4008
[    0.000000] IOAPIC[0]: apic_id 2, version 32, address 0xfec00000, GSI 0-23
[    0.000000] ACPI: INT_SRC_OVR (bus 0 bus_irq 0 global_irq 2 dfl dfl)
[    0.000000] ACPI: INT_SRC_OVR (bus 0 bus_irq 9 global_irq 9 low level)
[    0.000000] Using ACPI (MADT) for SMP configuration information
[    0.000000] smpboot: Allowing 2 CPUs, 0 hotplug CPUs
[    0.000000] PM: Registered nosave memory: [mem 0x00000000-0x00000fff]
[    0.000000] PM: Registered nosave memory: [mem 0x0009f000-0x0009ffff]
[    0.000000] PM: Registered nosave memory: [mem 0x000a0000-0x000effff]
[    0.000000] PM: Registered nosave memory: [mem 0x000f0000-0x000fffff]
[    0.000000] e820: [mem 0x40000000-0xfebfffff] available for PCI devices
[    0.000000] Booting paravirtualized kernel on KVM
[    0.000000] clocksource: refined-jiffies: mask: 0xffffffff max_cycles: 0xffffffff, max_idle_ns: 7645519600211568 ns
[    0.000000] random: get_random_bytes called from start_kernel+0x99/0x500 with crng_init=0
[    0.000000] setup_percpu: NR_CPUS:8192 nr_cpumask_bits:2 nr_cpu_ids:2 nr_node_ids:1
[    0.000000] percpu: Embedded 45 pages/cpu s147456 r8192 d28672 u1048576
[    0.000000] PV qspinlock hash table entries: 256 (order: 0, 4096 bytes)
[    0.000000] Built 1 zonelists, mobility grouping on.  Total pages: 257913
[    0.000000] Policy zone: DMA32
[    0.000000] Kernel command line: BOOT_IMAGE=/boot/vmlinuz-4.15.0-109-generic root=LABEL=cloudimg-rootfs ro console=tty1 console=ttyS0
[    0.000000] Memory: 983040K/1048120K available (12300K kernel code, 2481K rwdata, 4272K rodata, 2436K init, 2720K bss, 65080K reserved, 0K cma-reserved)
[    0.000000] SLUB: HWalign=64, Order=0-3, MinObjects=0, CPUs=2, Nodes=1
[    0.000000] Kernel/User page tables isolation: enabled
[    0.000000] ftrace: allocating 39378 entries in 154 pages
[    0.004000] Hierarchical RCU implementation.
[    0.004000] 	RCU restricting CPUs from NR_CPUS=8192 to nr_cpu_ids=2.
[    0.004000] 	Tasks RCU enabled.
[    0.004000] RCU: Adjusting geometry for rcu_fanout_leaf=16, nr_cpu_ids=2
[    0.004000] NR_IRQS: 524544, nr_irqs: 440, preallocated irqs: 16
[    0.004000] Console: colour VGA+ 80x25
[    0.004000] console [tty1] enabled
[    0.004000] console [ttyS0] enabled
[    0.004000] ACPI: Core revision 20170831
[    0.004000] ACPI: 2 ACPI AML tables successfully acquired and loaded
[    0.004000] APIC: Switch to symmetric I/O mode setup
[    0.004000] x2apic enabled
[    0.004000] Switched APIC routing to physical x2apic.
[    0.004000] ..TIMER: vector=0x30 apic1=0 pin1=2 apic2=-1 pin2=-1
[    0.004003] tsc: Detected 2303.998 MHz processor
[    0.004738] Calibrating delay loop (skipped) preset value.. 4607.99 BogoMIPS (lpj=9215992)
[    0.005298] pid_max: default: 32768 minimum: 301
[    0.006051] Security Framework initialized
[    0.006711] Yama: becoming mindful.
[    0.008020] AppArmor: AppArmor initialized
[    0.009929] Dentry cache hash table entries: 131072 (order: 8, 1048576 bytes)
[    0.012042] Inode-cache hash table entries: 65536 (order: 7, 524288 bytes)
[    0.013392] Mount-cache hash table entries: 2048 (order: 2, 16384 bytes)
[    0.014420] Mountpoint-cache hash table entries: 2048 (order: 2, 16384 bytes)
[    0.016184] Last level iTLB entries: 4KB 64, 2MB 8, 4MB 8
[    0.017034] Last level dTLB entries: 4KB 64, 2MB 0, 4MB 0, 1GB 4
[    0.017963] Spectre V1 : Mitigation: usercopy/swapgs barriers and __user pointer sanitization
[    0.019341] Spectre V2 : Mitigation: Full generic retpoline
[    0.020001] Spectre V2 : Spectre v2 / SpectreRSB mitigation: Filling RSB on context switch
[    0.021290] Speculative Store Bypass: Vulnerable
[    0.022049] SRBDS: Unknown: Dependent on hypervisor status
[    0.022913] MDS: Mitigation: Clear CPU buffers
[    0.024121] Freeing SMP alternatives memory: 36K
[    0.133859] smpboot: CPU0: Intel(R) Core(TM) i9-9880H CPU @ 2.30GHz (family: 0x6, model: 0x9e, stepping: 0xd)
[    0.135647] Performance Events: unsupported p6 CPU model 158 no PMU driver, software events only.
[    0.136000] Hierarchical SRCU implementation.
[    0.136416] NMI watchdog: Perf event create on CPU 0 failed with -2
[    0.137403] NMI watchdog: Perf NMI watchdog permanently disabled
[    0.138372] smp: Bringing up secondary CPUs ...
[    0.139559] x86: Booting SMP configuration:
[    0.140002] .... node  #0, CPUs:      #1
[    0.004000] kvm-clock: cpu 1, msr 0:3ff44041, secondary cpu clock
[    0.144013] smp: Brought up 1 node, 2 CPUs
[    0.145290] smpboot: Max logical packages: 1
[    0.146107] smpboot: Total of 2 processors activated (9215.99 BogoMIPS)
[    0.148095] devtmpfs: initialized
[    0.148598] x86/mm: Memory block size: 128MB
[    0.149372] evm: security.selinux
[    0.149961] evm: security.SMACK64
[    0.150546] evm: security.SMACK64EXEC
[    0.151135] evm: security.SMACK64TRANSMUTE
[    0.152002] evm: security.SMACK64MMAP
[    0.152668] evm: security.apparmor
[    0.153247] evm: security.ima
[    0.153741] evm: security.capability
[    0.154343] clocksource: jiffies: mask: 0xffffffff max_cycles: 0xffffffff, max_idle_ns: 7645041785100000 ns
[    0.156005] futex hash table entries: 512 (order: 3, 32768 bytes)
[    0.157941] pinctrl core: initialized pinctrl subsystem
[    0.159193] RTC time: 11:22:50, date: 07/04/20
[    0.160252] NET: Registered protocol family 16
[    0.161286] audit: initializing netlink subsys (disabled)
[    0.162338] audit: type=2000 audit(1593861776.315:1): state=initialized audit_enabled=0 res=1
[    0.164007] cpuidle: using governor ladder
[    0.164683] cpuidle: using governor menu
[    0.165640] ACPI: bus type PCI registered
[    0.166333] acpiphp: ACPI Hot Plug PCI Controller Driver version: 0.5
[    0.167441] PCI: Using configuration type 1 for base access
[    0.168652] HugeTLB registered 2.00 MiB page size, pre-allocated 0 pages
[    0.172050] ACPI: Added _OSI(Module Device)
[    0.172977] ACPI: Added _OSI(Processor Device)
[    0.173718] ACPI: Added _OSI(3.0 _SCP Extensions)
[    0.174496] ACPI: Added _OSI(Processor Aggregator Device)
[    0.175667] ACPI: Added _OSI(Linux-Dell-Video)
[    0.176003] ACPI: Added _OSI(Linux-Lenovo-NV-HDMI-Audio)
[    0.176958] ACPI: Added _OSI(Linux-HPI-Hybrid-Graphics)
[    0.178267] ACPI: Executed 1 blocks of module-level executable AML code
[    0.182359] ACPI: Interpreter enabled
[    0.183007] ACPI: (supports S0 S5)
[    0.184002] ACPI: Using IOAPIC for interrupt routing
[    0.184969] PCI: Using host bridge windows from ACPI; if necessary, use "pci=nocrs" and report a bug
[    0.186596] ACPI: Enabled 2 GPEs in block 00 to 07
[    0.192985] ACPI: PCI Root Bridge [PCI0] (domain 0000 [bus 00-ff])
[    0.194612] acpi PNP0A03:00: _OSC: OS supports [ASPM ClockPM Segments MSI]
[    0.196354] acpi PNP0A03:00: _OSC: not requesting OS control; OS requires [ExtendedConfig ASPM ClockPM MSI]
[    0.197907] acpi PNP0A03:00: fail to add MMCONFIG information, can't access extended PCI configuration space under this bridge.
[    0.200510] PCI host bridge to bus 0000:00
[    0.201584] pci_bus 0000:00: root bus resource [io  0x0000-0x0cf7 window]
[    0.202718] pci_bus 0000:00: root bus resource [io  0x0d00-0xffff window]
[    0.204002] pci_bus 0000:00: root bus resource [mem 0x000a0000-0x000bffff window]
[    0.205659] pci_bus 0000:00: root bus resource [mem 0x40000000-0xfdffffff window]
[    0.207263] pci_bus 0000:00: root bus resource [bus 00-ff]
[    0.210279] pci 0000:00:01.1: legacy IDE quirk: reg 0x10: [io  0x01f0-0x01f7]
[    0.212002] pci 0000:00:01.1: legacy IDE quirk: reg 0x14: [io  0x03f6]
[    0.213226] pci 0000:00:01.1: legacy IDE quirk: reg 0x18: [io  0x0170-0x0177]
[    0.214807] pci 0000:00:01.1: legacy IDE quirk: reg 0x1c: [io  0x0376]
[    0.227285] pci 0000:00:07.0: quirk: [io  0x4000-0x403f] claimed by PIIX4 ACPI
[    0.228016] pci 0000:00:07.0: quirk: [io  0x4100-0x410f] claimed by PIIX4 SMB
[    0.237487] ACPI: PCI Interrupt Link [LNKA] (IRQs 5 9 10 *11)
[    0.239027] ACPI: PCI Interrupt Link [LNKB] (IRQs 5 9 *10 11)
[    0.240000] ACPI: PCI Interrupt Link [LNKC] (IRQs 5 *9 10 11)
[    0.240101] ACPI: PCI Interrupt Link [LNKD] (IRQs 5 9 10 *11)
[    0.241836] SCSI subsystem initialized
[    0.244063] pci 0000:00:02.0: vgaarb: setting as boot VGA device
[    0.245340] pci 0000:00:02.0: vgaarb: VGA device added: decodes=io+mem,owns=io+mem,locks=none
[    0.246945] pci 0000:00:02.0: vgaarb: bridge control possible
[    0.248009] vgaarb: loaded
[    0.248567] ACPI: bus type USB registered
[    0.249334] usbcore: registered new interface driver usbfs
[    0.250410] usbcore: registered new interface driver hub
[    0.251333] usbcore: registered new device driver usb
[    0.252059] EDAC MC: Ver: 3.0.0
[    0.252830] PCI: Using ACPI for IRQ routing
[    0.253030] NetLabel: Initializing
[    0.256002] NetLabel:  domain hash size = 128
[    0.256910] NetLabel:  protocols = UNLABELED CIPSOv4 CALIPSO
[    0.258446] NetLabel:  unlabeled traffic allowed by default
[    0.259413] clocksource: Switched to clocksource kvm-clock
[    0.266146] VFS: Disk quotas dquot_6.6.0
[    0.266841] VFS: Dquot-cache hash table entries: 512 (order 0, 4096 bytes)
[    0.268787] AppArmor: AppArmor Filesystem Enabled
[    0.269684] pnp: PnP ACPI init
[    0.271573] pnp: PnP ACPI: found 3 devices
[    0.281668] clocksource: acpi_pm: mask: 0xffffff max_cycles: 0xffffff, max_idle_ns: 2085701024 ns
[    0.284043] NET: Registered protocol family 2
[    0.284907] TCP established hash table entries: 8192 (order: 4, 65536 bytes)
[    0.286000] TCP bind hash table entries: 8192 (order: 5, 131072 bytes)
[    0.287913] TCP: Hash tables configured (established 8192 bind 8192)
[    0.288995] UDP hash table entries: 512 (order: 2, 16384 bytes)
[    0.290191] UDP-Lite hash table entries: 512 (order: 2, 16384 bytes)
[    0.291319] NET: Registered protocol family 1
[    0.292019] pci 0000:00:00.0: Limiting direct PCI/PCI transfers
[    0.292985] pci 0000:00:01.0: Activating ISA DMA hang workarounds
[    0.293976] pci 0000:00:02.0: Video device with shadowed ROM at [mem 0x000c0000-0x000dffff]
[    0.295654] Unpacking initramfs...
[    0.576484] Freeing initrd memory: 19212K
[    0.579356] clocksource: tsc: mask: 0xffffffffffffffff max_cycles: 0x2135f5e6f15, max_idle_ns: 440795231538 ns
[    0.581292] platform rtc_cmos: registered platform RTC device (no PNP device found)
[    0.582749] Scanning for low memory corruption every 60 seconds
[    0.584497] Initialise system trusted keyrings
[    0.585355] Key type blacklist registered
[    0.586157] workingset: timestamp_bits=36 max_order=18 bucket_order=0
[    0.587937] zbud: loaded
[    0.588893] squashfs: version 4.0 (2009/01/31) Phillip Lougher
[    0.590229] fuse init (API version 7.26)
[    0.593098] Key type asymmetric registered
[    0.593815] Asymmetric key parser 'x509' registered
[    0.594648] Block layer SCSI generic (bsg) driver version 0.4 loaded (major 246)
[    0.595956] io scheduler noop registered
[    0.596691] io scheduler deadline registered
[    0.597436] io scheduler cfq registered (default)
[    0.598569] ACPI: AC Adapter [AC] (on-line)
[    0.599314] input: Power Button as /devices/LNXSYSTM:00/LNXPWRBN:00/input/input0
[    0.600673] ACPI: Power Button [PWRF]
[    0.601368] input: Sleep Button as /devices/LNXSYSTM:00/LNXSLPBN:00/input/input1
[    0.602688] ACPI: Sleep Button [SLPF]
[    0.604175] Serial: 8250/16550 driver, 32 ports, IRQ sharing enabled
[    0.604522] ACPI: Battery Slot [BAT0] (battery present)
[    0.627018] 00:02: ttyS0 at I/O 0x3f8 (irq = 4, base_baud = 115200) is a 16550A
[    0.629691] Linux agpgart interface v0.103
[    0.632044] loop: module loaded
[    0.633462] scsi host0: ata_piix
[    0.634249] scsi host1: ata_piix
[    0.634953] ata1: PATA max UDMA/33 cmd 0x1f0 ctl 0x3f6 bmdma 0xd000 irq 14
[    0.636536] ata2: PATA max UDMA/33 cmd 0x170 ctl 0x376 bmdma 0xd008 irq 15
[    0.637881] libphy: Fixed MDIO Bus: probed
[    0.639225] tun: Universal TUN/TAP device driver, 1.6
[    0.640488] PPP generic driver version 2.4.2
[    0.641382] ehci_hcd: USB 2.0 'Enhanced' Host Controller (EHCI) Driver
[    0.642591] ehci-pci: EHCI PCI platform driver
[    0.643432] ehci-platform: EHCI generic platform driver
[    0.644417] ohci_hcd: USB 1.1 'Open' Host Controller (OHCI) Driver
[    0.645519] ohci-pci: OHCI PCI platform driver
[    0.646345] ohci-platform: OHCI generic platform driver
[    0.647287] uhci_hcd: USB Universal Host Controller Interface driver
[    0.648494] i8042: PNP: PS/2 Controller [PNP0303:PS2K,PNP0f03:PS2M] at 0x60,0x64 irq 1,12
[    0.650905] serio: i8042 KBD port at 0x60,0x64 irq 1
[    0.651844] serio: i8042 AUX port at 0x60,0x64 irq 12
[    0.652864] mousedev: PS/2 mouse device common for all mice
[    0.654064] input: AT Translated Set 2 keyboard as /devices/platform/i8042/serio0/input/input2
[    0.656498] rtc_cmos rtc_cmos: rtc core: registered rtc_cmos as rtc0
[    0.657746] rtc_cmos rtc_cmos: alarms up to one day, 114 bytes nvram
[    0.658886] i2c /dev entries driver
[    0.659600] device-mapper: uevent: version 1.0.3
[    0.660555] device-mapper: ioctl: 4.37.0-ioctl (2017-09-20) initialised: dm-devel@redhat.com
[    0.662237] ledtrig-cpu: registered to indicate activity on CPUs
[    0.664439] NET: Registered protocol family 10
[    0.668059] Segment Routing with IPv6
[    0.668786] NET: Registered protocol family 17
[    0.669661] Key type dns_resolver registered
[    0.670586] mce: Using 0 MCE banks
[    0.671252] RAS: Correctable Errors collector initialized.
[    0.672277] sched_clock: Marking stable (672258996, 0)->(808794463, -136535467)
[    0.674049] registered taskstats version 1
[    0.674826] Loading compiled-in X.509 certificates
[    0.677759] Loaded X.509 cert 'Build time autogenerated kernel key: 495c641868e7df5e32bc382f03c4f4fc9cad4e78'
[    0.679638] zswap: loaded using pool lzo/zbud
[    0.683422] Key type big_key registered
[    0.684447] Key type trusted registered
[    0.686197] Key type encrypted registered
[    0.687119] AppArmor: AppArmor sha1 policy hashing enabled
[    0.688159] ima: No TPM chip found, activating TPM-bypass! (rc=-19)
[    0.689200] ima: Allocated hash algorithm: sha1
[    0.689977] evm: HMAC attrs: 0x1
[    0.691060]   Magic number: 12:294:377
[    0.691734] acpi PNP0700:00: hash matches
[    0.692512] rtc_cmos rtc_cmos: setting system clock to 2020-07-04 11:22:51 UTC (1593861771)
[    0.694027] BIOS EDD facility v0.16 2004-Jun-25, 0 devices found
[    0.695328] EDD information not available.
[    1.160740] Freeing unused kernel image memory: 2436K
[    1.172332] Write protecting the kernel read-only data: 20480k
[    1.173996] Freeing unused kernel image memory: 2008K
[    1.175851] Freeing unused kernel image memory: 1872K
[    1.183267] x86/mm: Checked W+X mappings: passed, no W+X pages found.
[    1.184327] x86/mm: Checking user space page tables
[    1.191449] x86/mm: Checked W+X mappings: passed, no W+X pages found.
Loading, please wait...
starting version 237
[    1.249912] e1000: Intel(R) PRO/1000 Network Driver - version 7.3.21-k8-NAPI
[    1.251141] e1000: Copyright (c) 1999-2006 Intel Corporation.
[    1.255069] Fusion MPT base driver 3.04.20
[    1.256603] Copyright (c) 1999-2008 LSI Corporation
[    1.268245] Fusion MPT SPI Host driver 3.04.20
[    1.277206] AVX2 version of gcm_enc/dec engaged.
[    1.278688] AES CTR mode by8 optimization enabled
[    1.467551] input: ImExPS/2 Generic Explorer Mouse as /devices/platform/i8042/serio1/input/input4
[    1.656837] e1000 0000:00:03.0 eth0: (PCI:33MHz:32-bit) 02:12:97:df:f3:54
[    1.658489] e1000 0000:00:03.0 eth0: Intel(R) PRO/1000 Network Connection
[    1.660294] mptbase: ioc0: Initiating bringup
[    3.567815] ioc0: LSI53C1030 A0: Capabilities={Initiator}
[    8.228714] scsi host2: ioc0: LSI53C1030 A0, FwRev=00000000h, Ports=1, MaxQ=256, IRQ=20
[   10.212661] scsi 2:0:0:0: Direct-Access     VBOX     HARDDISK         1.0  PQ: 0 ANSI: 5
[   10.764866] scsi target2:0:0: Beginning Domain Validation
[   10.827091] scsi target2:0:0: Domain Validation skipping write tests
[   10.828860] scsi target2:0:0: Ending Domain Validation
[   10.836083] scsi target2:0:0: asynchronous
[   10.837311] scsi 2:0:1:0: Direct-Access     VBOX     HARDDISK         1.0  PQ: 0 ANSI: 5
[   11.080643] scsi target2:0:1: Beginning Domain Validation
[   11.083639] random: fast init done
[   11.084474] scsi target2:0:1: Domain Validation skipping write tests
[   11.085706] scsi target2:0:1: Ending Domain Validation
[   11.086788] scsi target2:0:1: asynchronous
[   11.090902] random: systemd-udevd: uninitialized urandom read (16 bytes read)
[   11.092289] random: systemd-udevd: uninitialized urandom read (16 bytes read)
[   11.092448] sd 2:0:0:0: [sda] 20971520 512-byte logical blocks: (10.7 GB/10.0 GiB)
[   11.093697] random: systemd-udevd: uninitialized urandom read (16 bytes read)
[   11.095115] sd 2:0:0:0: Attached scsi generic sg0 type 0
[   11.097380] sd 2:0:0:0: [sda] Write Protect is off
[   11.098260] sd 2:0:0:0: [sda] Incomplete mode parameter data
[   11.099134] sd 2:0:0:0: [sda] Assuming drive cache: write through
[   11.100340] sd 2:0:1:0: [sdb] 20480 512-byte logical blocks: (10.5 MB/10.0 MiB)
[   11.101847] sd 2:0:1:0: [sdb] Write Protect is off
[   11.101963] sd 2:0:1:0: Attached scsi generic sg1 type 0
[   11.104120] sd 2:0:1:0: [sdb] Incomplete mode parameter data
[   11.105077] sd 2:0:1:0: [sdb] Assuming drive cache: write through
[   11.106780]  sda: sda1
[   11.107512] sd 2:0:0:0: [sda] Attached SCSI disk
[   11.109514] sd 2:0:1:0: [sdb] Attached SCSI disk
[   11.122442] e1000 0000:00:08.0 eth1: (PCI:33MHz:32-bit) 08:00:27:c9:a7:1e
[   11.123970] e1000 0000:00:08.0 eth1: Intel(R) PRO/1000 Network Connection
[   11.126144] e1000 0000:00:08.0 enp0s8: renamed from eth1
[   11.137191] e1000 0000:00:03.0 enp0s3: renamed from eth0
Begin: Loading essential drivers ... [   12.504052] raid6: sse2x1   gen() 13320 MB/s
[   12.552237] raid6: sse2x1   xor()  7610 MB/s
[   12.600126] raid6: sse2x2   gen() 15076 MB/s
[   12.648432] raid6: sse2x2   xor()  9338 MB/s
[   12.696174] raid6: sse2x4   gen() 13138 MB/s
[   12.744229] raid6: sse2x4   xor()  9123 MB/s
[   12.792101] raid6: avx2x1   gen() 23322 MB/s
[   12.840167] raid6: avx2x1   xor() 13210 MB/s
[   12.888447] raid6: avx2x2   gen() 28277 MB/s
[   12.936244] raid6: avx2x2   xor() 18815 MB/s
[   12.984013] raid6: avx2x4   gen() 33691 MB/s
[   13.032275] raid6: avx2x4   xor() 21302 MB/s
[   13.033443] raid6: using algorithm avx2x4 gen() 33691 MB/s
[   13.034654] raid6: .... xor() 21302 MB/s, rmw enabled
[   13.035685] raid6: using avx2x2 recovery algorithm
[   13.037753] xor: automatically using best checksumming function   avx       
[   13.040778] async_tx: api initialized (async)
done.
Begin: Running /scripts/init-premount ... done.
Begin: Mounting root file system ... Begin: Running /scripts/local-top ... done.
Begin: Running /scripts/local-premount ... [   13.080339] Btrfs loaded, crc32c=crc32c-intel
Scanning for Btrfs filesystems
done.
Warning: fsck not present, so skipping root file system
[   13.101153] EXT4-fs (sda1): mounted filesystem with ordered data mode. Opts: (null)
done.
Begin: Running /scripts/local-bottom ... done.
Begin: Running /scripts/init-bottom ... done.
[   13.199590] ip_tables: (C) 2000-2006 Netfilter Core Team
[   13.204926] systemd[1]: systemd 237 running in system mode. (+PAM +AUDIT +SELINUX +IMA +APPARMOR +SMACK +SYSVINIT +UTMP +LIBCRYPTSETUP +GCRYPT +GNUTLS +ACL +XZ +LZ4 +SECCOMP +BLKID +ELFUTILS +KMOD -IDN2 +IDN -PCRE2 default-hierarchy=hybrid)
[   13.208974] systemd[1]: Detected virtualization oracle.
[   13.209982] systemd[1]: Detected architecture x86-64.

Welcome to [1mUbuntu 18.04.4 LTS[0m!

[   13.214420] systemd[1]: Set hostname to <ubuntu>.
[   13.217687] systemd[1]: Initializing machine ID from random generator.
[   13.218848] systemd[1]: Installed transient /etc/machine-id file.
[   13.368648] systemd[1]: Set up automount Arbitrary Executable File Formats File System Automount Point.
[[0;32m  OK  [0m] Set up automount Arbitrary Executab…rmats File System Automount Point.
[   13.372571] systemd[1]: Created slice User and Session Slice.
[[0;32m  OK  [0m] Created slice User and Session Slice.
[   13.374177] systemd[1]: Reached target Swap.
[[0;32m  OK  [0m] Reached target Swap.
[   13.375377] systemd[1]: Reached target User and Group Name Lookups.
[[0;32m  OK  [0m] Reached target User and Group Name Lookups.
[[0;32m  OK  [0m] Started Forward Password Requests to Wall Directory Watch.
[[0;32m  OK  [0m] Created slice System Slice.
[[0;32m  OK  [0m] Listening on Journal Socket.
[[0;32m  OK  [0m] Listening on Journal Audit Socket.
         Starting Set the console keyboard layout...
[[0;32m  OK  [0m] Listening on /dev/initctl Compatibility Named Pipe.
[[0;32m  OK  [0m] Listening on LVM2 poll daemon socket.
[[0;32m  OK  [0m] Listening on udev Kernel Socket.
         Starting Create list of required st…ce nodes for the current kernel...
[[0;32m  OK  [0m] Created slice system-serial\x2dgetty.slice.
[[0;32m  OK  [0m] Listening on Journal Socket (/dev/log).
[[0;32m  OK  [0m] Listening on Device-mapper event daemon FIFOs.
         Mounting Kernel Debug File System...
         Starting Uncomplicated firewall...
         Mounting Huge Pages File System...
[[0;32m  OK  [0m] Listening on udev Control Socket.
         Starting udev Coldplug all Devices...
[[0;32m  OK  [0m] Listening on LVM2 metadata daemon socket.
         Starting Monitoring of LVM2 mirrors…ng dmeventd or progress polling...
         Starting Remount Root and Kernel File Systems...
         Mounting POSIX Message Queue File System...
[[0;32m  OK  [0m] Listening on Network Service Netlink Socket.
         Starting Load Kernel Modules...
[   13.468533] EXT4-fs (sda1): re-mounted. Opts: (null)
[[0;32m  OK  [0m] Listening on Syslog Socket.
[[0;32m  OK  [0m] Reached target System Time Synchronized.
[[0;32m  OK  [0m] Reached target Slices.
         Starting Journal Service...
[[0;32m  OK  [0m] Started Create list of required sta…vice nodes for the current kernel.
[[0;32m  OK  [0m] Mounted Kernel Debug File System.
[[0;32m  OK  [0m[   13.482123] Loading iSCSI transport class v2.0-870.
] Started Uncomplicated firewall.
[[0;32m  OK  [0m] Mounted Huge Pages File System.
[[0;32m  OK  [0m] Started Remount Root and Kernel File Systems.
[[0;32m  OK  [0m] Mounted POSIX Message Queue File System.
[   13.489464] iscsi: registered transport (tcp)
[[0;32m  OK  [0m] Started LVM2 metadata daemon.
         Starting Load/Save Random Seed...
         Starting Create Static Device Nodes in /dev...
[[0;32m  OK  [0m] Started Create Static Device Nodes in /dev.
[[0;32m  OK  [0m] Started udev Coldplug all Devices.
         Starting udev Kernel Device Manager...
[[0;32m  OK  [0m] Started Load/Save Random Seed.
[[0;32m  OK  [0m] Started Monitoring of LVM2 mirrors,…sing dmeventd or progress polling.
[[0;32m  OK  [0m] Started Set the console keyboard layout.
[   13.556480] iscsi: registered transport (iser)
[[0;32m  OK  [0m] Started Load Kernel Modules.
         Mounting Kernel Configuration File System...
         Starting Apply Kernel Variables...
         Mounting FUSE Control File System...
[[0;32m  OK  [0m] Reached target Local File Systems (Pre).
[[0;32m  OK  [0m] Reached target Local File Systems.
         Starting ebtables ruleset management...
         Starting AppArmor initialization...
         Starting Tell Plymouth To Write Out Runtime Data...
         Starting Set console font and keymap...
         Starting Commit a transient machine-id on disk...
[[0;32m  OK  [0m] Started Journal Service.
[[0;32m  OK  [0m] Started udev Kernel Device Manager.
[[0;32m  OK  [0m] Mounted Kernel Configuration File System.
[[0;32m  OK  [0m] Mounted FUSE Control File System.
[[0;32m  OK  [0m] Started Dispatch Password Requests to Console Directory Watch.
[[0;32m  OK  [0m] Reached target Local Encrypted Volumes.
         Starting Flush Journal to Persistent Storage...
[[0;32m  OK  [0m] Started Tell Plymouth To Write Out Runtime Data.
[[0;32m  OK  [0m] Started Set console font and keymap.
[[0;32m  OK  [0m] Started Apply Kernel Variables.
[[0;32m  OK  [0m] Started Flush Journal to Persistent Storage.
         Starting Create Volatile Files and Directories...
[[0;32m  OK  [0m] Started Commit a transient machine-id on disk.
[[0;32m  OK  [0m] Started Create Volatile Files and Directories.
         Starting Update UTMP about System Boot/Shutdown...
[[0;32m  OK  [0m] Started Update UTMP about System Boot/Shutdown.
[[0;32m  OK  [0m] Started ebtables ruleset management.
[[0;32m  OK  [0m] Found device /dev/ttyS0.
[[0;32m  OK  [0m] Listening on Load/Save RF Kill Switch Status /dev/rfkill Watch.
[[0;32m  OK  [0m] Started AppArmor initialization.
         Starting Initial cloud-init job (pre-networking)...
[   15.061563] cloud-init[551]: Cloud-init v. 19.4-33-gbb4131a2-0ubuntu1~18.04.1 running 'init-local' at Sat, 04 Jul 2020 11:23:05 +0000. Up 14.76 seconds.
[[0;32m  OK  [0m] Started Initial cloud-init job (pre-networking).
[[0;32m  OK  [0m] Reached target Network (Pre).
         Starting Network Service...
[[0;32m  OK  [0m] Started Network Service.
         Starting Wait for Network to be Configured...
         Starting Network Name Resolution...
[[0;32m  OK  [0m] Started Network Name Resolution.
[[0;32m  OK  [0m] Reached target Network.
[[0;32m  OK  [0m] Reached target Host and Network Name Lookups.
[[0;32m  OK  [0m] Started Wait for Network to be Configured.
         Starting Initial cloud-init job (metadata service crawler)...
[   17.283675] cloud-init[668]: Cloud-init v. 19.4-33-gbb4131a2-0ubuntu1~18.04.1 running 'init' at Sat, 04 Jul 2020 11:23:07 +0000. Up 17.18 seconds.
[   17.284864] cloud-init[668]: ci-info: ++++++++++++++++++++++++++++++++++++++Net device info+++++++++++++++++++++++++++++++++++++++
[   17.285887] cloud-init[668]: ci-info: +--------+-------+----------------------------+---------------+--------+-------------------+
[   17.287450] cloud-init[668]: ci-info: | Device |   Up  |          Address           |      Mask     | Scope  |     Hw-Address    |
[   17.289190] cloud-init[668]: ci-info: +--------+-------+----------------------------+---------------+--------+-------------------+
[   17.290772] cloud-init[668]: ci-info: | enp0s3 |  True |         10.0.2.15          | 255.255.255.0 | global | 02:12:97:df:f3:54 |
[   17.292377] cloud-init[668]: ci-info: | enp0s3 |  True | fe80::12:97ff:fedf:f354/64 |       .       |  link  | 02:12:97:df:f3:54 |
[   17.293922] cloud-init[668]: ci-info: | enp0s8 | False |             .              |       .       |   .    | 08:00:27:c9:a7:1e |
[   17.295849] cloud-init[668]: ci-info: |   lo   |  True |         127.0.0.1          |   255.0.0.0   |  host  |         .         |
[   17.297719] cloud-init[668]: ci-info: |   lo   |  True |          ::1/128           |       .       |  host  |         .         |
[   17.299308] cloud-init[668]: ci-info: +--------+-------+----------------------------+---------------+--------+-------------------+
[   17.300819] cloud-init[668]: ci-info: ++++++++++++++++++++++++++++Route IPv4 info+++++++++++++++++++++++++++++
[   17.302186] cloud-init[668]: ci-info: +-------+-------------+----------+-----------------+-----------+-------+
[   17.303599] cloud-init[668]: ci-info: | Route | Destination | Gateway  |     Genmask     | Interface | Flags |
[   17.305175] cloud-init[668]: ci-info: +-------+-------------+----------+-----------------+-----------+-------+
[   17.306524] cloud-init[668]: ci-info: |   0   |   0.0.0.0   | 10.0.2.2 |     0.0.0.0     |   enp0s3  |   UG  |
[   17.308011] cloud-init[668]: ci-info: |   1   |   10.0.2.0  | 0.0.0.0  |  255.255.255.0  |   enp0s3  |   U   |
[   17.309327] cloud-init[668]: ci-info: |   2   |   10.0.2.2  | 0.0.0.0  | 255.255.255.255 |   enp0s3  |   UH  |
[   17.310699] cloud-init[668]: ci-info: +-------+-------------+----------+-----------------+-----------+-------+
[   17.312548] cloud-init[668]: ci-info: +++++++++++++++++++Route IPv6 info+++++++++++++++++++
[   17.313641] cloud-init[668]: ci-info: +-------+-------------+---------+-----------+-------+
[   17.314754] cloud-init[668]: ci-info: | Route | Destination | Gateway | Interface | Flags |
[   17.316135] cloud-init[668]: ci-info: +-------+-------------+---------+-----------+-------+
[   17.328376] cloud-init[668]: ci-info: |   1   |  fe80::/64  |    ::   |   enp0s3  |   U   |
[   17.329395] cloud-init[668]: ci-info: |   3   |    local    |    ::   |   enp0s3  |   U   |
[   17.340250] cloud-init[668]: ci-info: |   4   |   ff00::/8  |    ::   |   enp0s3  |   U   |
[   17.356466] cloud-init[668]: ci-info: +-------+-------------+---------+-----------+-------+
[   17.812768] cloud-init[668]: Generating public/private rsa key pair.
[   17.824215] cloud-init[668]: Your identification has been saved in /etc/ssh/ssh_host_rsa_key.
[   17.825060] cloud-init[668]: Your public key has been saved in /etc/ssh/ssh_host_rsa_key.pub.
[   17.826123] cloud-init[668]: The key fingerprint is:
[   17.826984] cloud-init[668]: SHA256:VEAtG5M0Gkd8c+r6XG/yHHmm5Y8ySSs5DM5zQJfhmrw root@ubuntu-bionic
[   17.828268] cloud-init[668]: The key's randomart image is:
[   17.829024] cloud-init[668]: +---[RSA 2048]----+
[   17.829796] cloud-init[668]: |      .=B+.      |
[   17.830563] cloud-init[668]: |       +*o= .    |
[   17.831330] cloud-init[668]: |      . .B *     |
[   17.832048] cloud-init[668]: |       .o =      |
[   17.832885] cloud-init[668]: |       oS=       |
[   17.833656] cloud-init[668]: |        * . .  . |
[   17.834339] cloud-init[668]: |       o * o.oo +|
[   17.835019] cloud-init[668]: |        E.*.*o.O |
[   17.844762] cloud-init[668]: |         +oo ** +|
[[   17.856150] [0;32m  OK  [0mcloud-init] [668]: Started Initial cloud-init job (metadata service crawler).+----[SHA256]-----+

[   17.857285] cloud-init[668]: Generating public/private dsa key pair.
[[   17.857336] [0;32m  OK  [0mcloud-init] [668]: Reached target System Initialization.Your identification has been saved in /etc/ssh/ssh_host_dsa_key.

[[   17.868753] cloud-init[668]: Your public key has been saved in /etc/ssh/ssh_host_dsa_key.pub.
[   17.868833] cloud-init[668]: The key fingerprint is:
[0;32m  OK  [0m] Listening on UUID daemon activation socket.
[   17.868943] cloud-init[668]: SHA256:NtcxJV2FbCSVkrbB0clbeZH8FfLO3oFz0AO2cVdTdl0 root@ubuntu-bionic
[[0;32m  OK  [0m[   17.871793] cloud-init[668]: The key's randomart image is:
] Started Daily apt download activities.[   17.871929] 
cloud-init[668]: +---[DSA 1024]----+
[   17.873273] cloud-init[668]: |           .+#=XE|
[   17.873917] cloud-init[668]: |            B+^=O|
[[0;32m  OK  [0m[   17.874836] ] cloud-initListening on ACPID Listen Socket.[668]: 
|           .oB *+|
[   17.875692] cloud-init[668]: |           ..o* o|
[   17.876492] cloud-init[668]: |        S . .o = |
[   17.877205] cloud-init[668]: |       . o    + o|
         Starting Socket activation for snappy daemon.
[[0;32m  OK  [0m] Started Discard unused blocks once a week.
[   17.880662] cloud-init[668]: |               ..|
[[   17.881370] cloud-init[668]: |                 |
[   17.881445] cloud-init[668]: |                 |
[   17.882061] cloud-init[668]: +----[SHA256]-----+
[   17.882668] cloud-init[668]: Generating public/private ecdsa key pair.
[   17.883278] cloud-init[668]: Your identification has been saved in /etc/ssh/ssh_host_ecdsa_key.
[   17.883887] cloud-init[668]: Your public key has been saved in /etc/ssh/ssh_host_ecdsa_key.pub.
[   17.884510] cloud-init[668]: The key fingerprint is:
[   17.885142] cloud-init[668]: SHA256:MFntd+20LYyGjFh41LLaN1SFvTCCBeYO2ONsKqW79V0 root@ubuntu-bionic
[   17.885746] cloud-init[668]: The key's randomart image is:
[   17.886363] cloud-init[668]: +---[ECDSA 256]---+
[   17.886971] cloud-init[668]: |        +*.  +.  |
[   17.887590] cloud-init[668]: |     o =+ + = .  |
[   17.888405] cloud-init[668]: |    . Bo.+ o o o |
[   17.889003] cloud-init[668]: |     o.*+ o . o o|
[   17.889592] cloud-init[668]: |    . +*S+ o + oo|
[   17.890170] cloud-init[668]: |   o oo o = o o.o|
[0;32m  OK  [0m] Started Daily Cleanup of Temporary Directories.
[   17.890204] cloud-init[668]: |  o o    .Eo   . |
[   17.895357] cloud-init[668]: |   + . . .       |
[   17.896136] cloud-init[668]: |  o.  . .        |
[[   17.896927] cloud-init[668]: +----[SHA256]-----+
[   17.897006] cloud-init[668]: Generating public/private ed25519 key pair.
[   17.897631] cloud-init[668]: Your identification has been saved in /etc/ssh/ssh_host_ed25519_key.
[   17.898234] cloud-init[668]: Your public key has been saved in /etc/ssh/ssh_host_ed25519_key.pub.
[   17.898788] cloud-init[668]: The key fingerprint is:
[   17.899369] cloud-init[668]: SHA256:ZD3Fqk+nTJ+S5p0id6vfLaWog9Cicmdco4f16JCJZYI root@ubuntu-bionic
[   17.899941] cloud-init[668]: The key's randomart image is:
[   17.900528] cloud-init[668]: +--[ED25519 256]--+
[   17.901027] cloud-init[668]: |           ..    |
[0;32m  OK  [0m] Started ACPI Events Check.
[[   17.901501] cloud-init[668]: |         . ..    |
[   17.905486] cloud-init[668]: |        o o.     |
[   17.905997] cloud-init[668]: |   .   o  ..     |
[   17.906492] cloud-init[668]: |  E . o.S.       |
[0;32m  OK  [0m] Reached target Paths.
[[   17.907079] cloud-init[668]: |     =oo* o .   .|
[   17.921011] cloud-init[668]: |    .o+B X = o o |
[   17.921152] cloud-init[668]: |  . o *.= %.=oo. |
[   17.921255] cloud-init[668]: |   o o o.=+O=....|
[0;32m  OK  [0m] Listening on Open-iSCSI iscsid Socket.
[   17.921397] cloud-init[668]: +----[SHA256]-----+
[[0;32m  OK  [0m] Started Daily apt upgrade and clean activities.
[[0;32m  OK  [0m] Listening on D-Bus System Message Bus Socket.
[[0;32m  OK  [0m] Started Message of the Day.
[[0;32m  OK  [0m] Reached target Timers.
         Starting LXD - unix socket.
[[0;32m  OK  [0m] Reached target Network is Online.
         Starting Availability of block devices...
[[0;32m  OK  [0m] Reached target Remote File Systems (Pre).
[[0;32m  OK  [0m] Reached target Remote File Systems.
[[0;32m  OK  [0m] Reached target Cloud-config availability.
[[0;32m  OK  [0m] Listening on Socket activation for snappy daemon.
[[0;32m  OK  [0m] Listening on LXD - unix socket.
[[0;32m  OK  [0m] Started Availability of block devices.
[[0;32m  OK  [0m] Reached target Sockets.
[[0;32m  OK  [0m] Reached target Basic System.
         Starting LXD - container startup/shutdown...
         Starting Dispatcher daemon for systemd-networkd...
[[0;32m  OK  [0m] Started D-Bus System Message Bus.
         Starting Login Service...
         Starting LSB: Record successful boot for GRUB...
[[0;32m  OK  [0m] Started Regular background program processing daemon.
[[0;32m  OK  [0m] Started FUSE filesystem for LXC.
         Starting Accounts Service...
         Starting System Logging Service...
         Starting Virtualbox guest utils...
         Starting LSB: automatic crash report generation...
         Starting Pollinate to seed the pseudo random number generator...
         Starting Permit User Sessions...
[[0;32m  OK  [0m] Started irqbalance daemon.
[[0;32m  OK  [0m] Started Deferred execution scheduler.
         Starting Snappy daemon...
[[0;32m  OK  [0m] Started System Logging Service.
[[0;32m  OK  [0m] Started Dispatcher daemon for systemd-networkd.
[[0;32m  OK  [0m] Started LXD - container startup/shutdown.
[[0;32m  OK  [0m] Started Permit User Sessions.
[[0;32m  OK  [0m] Started Login Service.
         Starting Authorization Manager...
[[0;32m  OK  [0m] Started Unattended Upgrades Shutdown.
         Starting Terminate Plymouth Boot Screen...
         Starting Hold until boot process finishes up...
[[0;32m  OK  [0m] Started Hold until boot process finishes up.
[[0;32m  OK  [0m] Started Terminate Plymouth Boot Screen.
         Starting Set console scheme...
[[0;32m  OK  [0m] Started Serial Getty on ttyS0.
[[0;32m  OK  [0m] Started LSB: automatic crash report generation.
[[0;32m  OK  [0m] Started Authorization Manager.
[[0;32m  OK  [0m] Started Accounts Service.
[[0;32m  OK  [0m] Started Set console scheme.
[[0;32m  OK  [0m] Created slice system-getty.slice.
[[0;32m  OK  [0m] Started Getty on tty1.
[[0;32m  OK  [0m] Reached target Login Prompts.
[[0;32m  OK  [0m] Started LSB: Record successful boot for GRUB.
[[0;32m  OK  [0m] Started Virtualbox guest utils.
[[0;32m  OK  [0m] Started Snappy daemon.
         Starting Wait until snapd is fully seeded...
[[0;32m  OK  [0m] Started Pollinate to seed the pseudo random number generator.
         Starting OpenBSD Secure Shell server...
[[0;32m  OK  [0m] Started OpenBSD Secure Shell server.
[[0;32m  OK  [0m] Created slice User Slice of vagrant.
         Starting User Manager for UID 1000...
[[0;32m  OK  [0m] Started Session 1 of user vagrant.
[[0;32m  OK  [0m] Started User Manager for UID 1000.
         Stopping User Manager for UID 1000...
[[0;32m  OK  [0m] Stopped User Manager for UID 1000.
[[0;32m  OK  [0m] Removed slice User Slice of vagrant.
[[0;32m  OK  [0m] Created slice User Slice of vagrant.
         Starting User Manager for UID 1000...
[[0;32m  OK  [0m] Started Session 3 of user vagrant.
[[0;32m  OK  [0m] Started User Manager for UID 1000.

Ubuntu 18.04.4 LTS db ttyS0

db login: [   24.504561] cloud-init[1777]: Cloud-init v. 19.4-33-gbb4131a2-0ubuntu1~18.04.1 running 'modules:config' at Sat, 04 Jul 2020 11:23:15 +0000. Up 24.21 seconds.
ci-info: no authorized SSH keys fingerprints found for user ubuntu.
<14>Jul  4 11:23:15 ec2: 
<14>Jul  4 11:23:15 ec2: #############################################################
<14>Jul  4 11:23:15 ec2: -----BEGIN SSH HOST KEY FINGERPRINTS-----
<14>Jul  4 11:23:15 ec2: 1024 SHA256:NtcxJV2FbCSVkrbB0clbeZH8FfLO3oFz0AO2cVdTdl0 root@ubuntu-bionic (DSA)
<14>Jul  4 11:23:15 ec2: 256 SHA256:MFntd+20LYyGjFh41LLaN1SFvTCCBeYO2ONsKqW79V0 root@ubuntu-bionic (ECDSA)
<14>Jul  4 11:23:15 ec2: 256 SHA256:ZD3Fqk+nTJ+S5p0id6vfLaWog9Cicmdco4f16JCJZYI root@ubuntu-bionic (ED25519)
<14>Jul  4 11:23:15 ec2: 2048 SHA256:VEAtG5M0Gkd8c+r6XG/yHHmm5Y8ySSs5DM5zQJfhmrw root@ubuntu-bionic (RSA)
<14>Jul  4 11:23:15 ec2: -----END SSH HOST KEY FINGERPRINTS-----
<14>Jul  4 11:23:15 ec2: #############################################################
-----BEGIN SSH HOST KEY KEYS-----
ecdsa-sha2-nistp256 AAAAE2VjZHNhLXNoYTItbmlzdHAyNTYAAAAIbmlzdHAyNTYAAABBBH4vpmJdOBKvjmFtlwuwEBV4t5P8u03107en0tgkSBxUDamZRmtSK5z+6AECqgSSvBPLmYeivR/7EJHPXgJwqUM= root@ubuntu-bionic
ssh-ed25519 AAAAC3NzaC1lZDI1NTE5AAAAILFUQNIusmA6fQ3yLKDWH5wQJsMtf7WXkRqB6CpgtOA9 root@ubuntu-bionic
ssh-rsa AAAAB3NzaC1yc2EAAAADAQABAAABAQC2aYqW0PDXSXul2zKVwP50hA5f/C5YFESe13R2eY8H1bEWka0AEsls1Fd92j7GtmcE0MKN26U91RGHc9wX/67zUR0LevS/Qt74EIBW2Ja1OiVuiOcdLzmKqBGXLBG94SjAtGEcxqTHO/6k+ax35M7zvr/MExUYXexQ29EyqKeV6Kd+yE6aLrcCVLsQwnass22hqLSkIEVl4aYmRqm6Z4dY0Yw1iiGUgPxO0NZMAvx8VW3pMZH2EXgKskdkTxpVkmLYCYmqaiVN5sc4flwsfZd5gwF0bb0iB0tpZJk9oZ0yap1xPwU5RR47s6XLrLDrOorCp0PFpTF7Bj9yN4HnkRep root@ubuntu-bionic
-----END SSH HOST KEY KEYS-----
[   25.011213] cloud-init[2006]: Cloud-init v. 19.4-33-gbb4131a2-0ubuntu1~18.04.1 running 'modules:final' at Sat, 04 Jul 2020 11:23:15 +0000. Up 24.85 seconds.
[   25.012488] cloud-init[2006]: ci-info: no authorized SSH keys fingerprints found for user ubuntu.
[   25.012656] cloud-init[2006]: Cloud-init v. 19.4-33-gbb4131a2-0ubuntu1~18.04.1 finished at Sat, 04 Jul 2020 11:23:15 +0000. Datasource DataSourceNoCloud [seed=/dev/sdb][dsmode=net].  Up 25.00 seconds
